# JRE version: Java(TM) SE Runtime Environment (8.0_202-b08) (build 1.8.0_202-b08)
# Java VM: Java HotSpot(TM) 64-Bit Server VM (25.202-b08 mixed mode bsd-amd64 compressed oops)
Heap:
 PSYoungGen      total 446464K, used 4689K [0x0000000795580000, 0x00000007b1100000, 0x00000007c0000000)
  eden space 440320K, 0% used [0x0000000795580000,0x0000000795580000,0x00000007b0380000)
  from space 6144K, 76% used [0x00000007b0a00000,0x00000007b0e94500,0x00000007b1000000)
  to   space 6656K, 0% used [0x00000007b0380000,0x00000007b0380000,0x00000007b0a00000)
 ParOldGen       total 101888K, used 22654K [0x0000000740000000, 0x0000000746380000, 0x0000000795580000)
  object space 101888K, 22% used [0x0000000740000000,0x000000074161fa28,0x0000000746380000)
 Metaspace       used 67294K, capacity 74488K, committed 74664K, reserved 1114112K
  class space    used 9464K, capacity 10862K, committed 10928K, reserved 1048576K
GC Heap History (10 events):
Event: 1989.311 GC heap after
Heap after GC invocations=72 (full 32):
 PSYoungGen      total 447488K, used 3510K [0x0000000795580000, 0x00000007b1100000, 0x00000007c0000000)
  eden space 440832K, 0% used [0x0000000795580000,0x0000000795580000,0x00000007b0400000)
  from space 6656K, 52% used [0x00000007b0a80000,0x00000007b0ded9e8,0x00000007b1100000)
  to   space 6656K, 0% used [0x00000007b0400000,0x00000007b0400000,0x00000007b0a80000)
 ParOldGen       total 101888K, used 23191K [0x0000000740000000, 0x0000000746380000, 0x0000000795580000)
  object space 101888K, 22% used [0x0000000740000000,0x00000007416a5f40,0x0000000746380000)
 Metaspace       used 66961K, capacity 74000K, committed 74152K, reserved 1112064K
  class space    used 9441K, capacity 10810K, committed 10928K, reserved 1048576K
}
Event: 1989.311 GC heap before
{Heap before GC invocations=73 (full 33):
 PSYoungGen      total 447488K, used 3510K [0x0000000795580000, 0x00000007b1100000, 0x00000007c0000000)
  eden space 440832K, 0% used [0x0000000795580000,0x0000000795580000,0x00000007b0400000)
  from space 6656K, 52% used [0x00000007b0a80000,0x00000007b0ded9e8,0x00000007b1100000)
  to   space 6656K, 0% used [0x00000007b0400000,0x00000007b0400000,0x00000007b0a80000)
 ParOldGen       total 101888K, used 23191K [0x0000000740000000, 0x0000000746380000, 0x0000000795580000)
  object space 101888K, 22% used [0x0000000740000000,0x00000007416a5f40,0x0000000746380000)
 Metaspace       used 66961K, capacity 74000K, committed 74152K, reserved 1112064K
  class space    used 9441K, capacity 10810K, committed 10928K, reserved 1048576K
Event: 1989.662 GC heap after
Heap after GC invocations=73 (full 33):
 PSYoungGen      total 447488K, used 0K [0x0000000795580000, 0x00000007b1100000, 0x00000007c0000000)
  eden space 440832K, 0% used [0x0000000795580000,0x0000000795580000,0x00000007b0400000)
  from space 6656K, 0% used [0x00000007b0a80000,0x00000007b0a80000,0x00000007b1100000)
  to   space 6656K, 0% used [0x00000007b0400000,0x00000007b0400000,0x00000007b0a80000)
 ParOldGen       total 101888K, used 23359K [0x0000000740000000, 0x0000000746380000, 0x0000000795580000)
  object space 101888K, 22% used [0x0000000740000000,0x00000007416cfc38,0x0000000746380000)
 Metaspace       used 66955K, capacity 73988K, committed 74152K, reserved 1112064K
  class space    used 9440K, capacity 10807K, committed 10928K, reserved 1048576K
}
Event: 2165.741 GC heap before
{Heap before GC invocations=74 (full 33):
 PSYoungGen      total 447488K, used 194876K [0x0000000795580000, 0x00000007b1100000, 0x00000007c0000000)
  eden space 440832K, 44% used [0x0000000795580000,0x00000007a13cf2e0,0x00000007b0400000)
  from space 6656K, 0% used [0x00000007b0a80000,0x00000007b0a80000,0x00000007b1100000)
  to   space 6656K, 0% used [0x00000007b0400000,0x00000007b0400000,0x00000007b0a80000)
 ParOldGen       total 101888K, used 23359K [0x0000000740000000, 0x0000000746380000, 0x0000000795580000)
  object space 101888K, 22% used [0x0000000740000000,0x00000007416cfc38,0x0000000746380000)
 Metaspace       used 67177K, capacity 74330K, committed 74408K, reserved 1112064K
  class space    used 9462K, capacity 10853K, committed 10928K, reserved 1048576K
Event: 2165.772 GC heap after
Heap after GC invocations=74 (full 33):
 PSYoungGen      total 444928K, used 3592K [0x0000000795580000, 0x00000007b1000000, 0x00000007c0000000)
  eden space 440832K, 0% used [0x0000000795580000,0x0000000795580000,0x00000007b0400000)
  from space 4096K, 87% used [0x00000007b0400000,0x00000007b0782280,0x00000007b0800000)
  to   space 6144K, 0% used [0x00000007b0a00000,0x00000007b0a00000,0x00000007b1000000)
 ParOldGen       total 101888K, used 23367K [0x0000000740000000, 0x0000000746380000, 0x0000000795580000)
  object space 101888K, 22% used [0x0000000740000000,0x00000007416d1c38,0x0000000746380000)
 Metaspace       used 67177K, capacity 74330K, committed 74408K, reserved 1112064K
  class space    used 9462K, capacity 10853K, committed 10928K, reserved 1048576K
}
Event: 2165.772 GC heap before
{Heap before GC invocations=75 (full 34):
 PSYoungGen      total 444928K, used 3592K [0x0000000795580000, 0x00000007b1000000, 0x00000007c0000000)
  eden space 440832K, 0% used [0x0000000795580000,0x0000000795580000,0x00000007b0400000)
  from space 4096K, 87% used [0x00000007b0400000,0x00000007b0782280,0x00000007b0800000)
  to   space 6144K, 0% used [0x00000007b0a00000,0x00000007b0a00000,0x00000007b1000000)
 ParOldGen       total 101888K, used 23367K [0x0000000740000000, 0x0000000746380000, 0x0000000795580000)
  object space 101888K, 22% used [0x0000000740000000,0x00000007416d1c38,0x0000000746380000)
 Metaspace       used 67177K, capacity 74330K, committed 74408K, reserved 1112064K
  class space    used 9462K, capacity 10853K, committed 10928K, reserved 1048576K
Event: 2166.296 GC heap after
Heap after GC invocations=75 (full 34):
 PSYoungGen      total 444928K, used 0K [0x0000000795580000, 0x00000007b1000000, 0x00000007c0000000)
  eden space 440832K, 0% used [0x0000000795580000,0x0000000795580000,0x00000007b0400000)
  from space 4096K, 0% used [0x00000007b0400000,0x00000007b0400000,0x00000007b0800000)
  to   space 6144K, 0% used [0x00000007b0a00000,0x00000007b0a00000,0x00000007b1000000)
 ParOldGen       total 101888K, used 22646K [0x0000000740000000, 0x0000000746380000, 0x0000000795580000)
  object space 101888K, 22% used [0x0000000740000000,0x000000074161da28,0x0000000746380000)
 Metaspace       used 67031K, capacity 74088K, committed 74408K, reserved 1112064K
  class space    used 9435K, capacity 10803K, committed 10928K, reserved 1048576K
}
Event: 2449.113 GC heap before
{Heap before GC invocations=76 (full 34):
 PSYoungGen      total 444928K, used 336103K [0x0000000795580000, 0x00000007b1000000, 0x00000007c0000000)
  eden space 440832K, 76% used [0x0000000795580000,0x00000007a9db9c30,0x00000007b0400000)
  from space 4096K, 0% used [0x00000007b0400000,0x00000007b0400000,0x00000007b0800000)
  to   space 6144K, 0% used [0x00000007b0a00000,0x00000007b0a00000,0x00000007b1000000)
 ParOldGen       total 101888K, used 22646K [0x0000000740000000, 0x0000000746380000, 0x0000000795580000)
  object space 101888K, 22% used [0x0000000740000000,0x000000074161da28,0x0000000746380000)
 Metaspace       used 67294K, capacity 74488K, committed 74664K, reserved 1114112K
  class space    used 9464K, capacity 10862K, committed 10928K, reserved 1048576K
Event: 2449.210 GC heap after
Heap after GC invocations=76 (full 34):
 PSYoungGen      total 446464K, used 4689K [0x0000000795580000, 0x00000007b1100000, 0x00000007c0000000)
  eden space 440320K, 0% used [0x0000000795580000,0x0000000795580000,0x00000007b0380000)
  from space 6144K, 76% used [0x00000007b0a00000,0x00000007b0e94500,0x00000007b1000000)
  to   space 6656K, 0% used [0x00000007b0380000,0x00000007b0380000,0x00000007b0a00000)
 ParOldGen       total 101888K, used 22654K [0x0000000740000000, 0x0000000746380000, 0x0000000795580000)
  object space 101888K, 22% used [0x0000000740000000,0x000000074161fa28,0x0000000746380000)
 Metaspace       used 67294K, capacity 74488K, committed 74664K, reserved 1114112K
  class space    used 9464K, capacity 10862K, committed 10928K, reserved 1048576K
}
Event: 2449.210 GC heap before
{Heap before GC invocations=77 (full 35):
 PSYoungGen      total 446464K, used 4689K [0x0000000795580000, 0x00000007b1100000, 0x00000007c0000000)
  eden space 440320K, 0% used [0x0000000795580000,0x0000000795580000,0x00000007b0380000)
  from space 6144K, 76% used [0x00000007b0a00000,0x00000007b0e94500,0x00000007b1000000)
  to   space 6656K, 0% used [0x00000007b0380000,0x00000007b0380000,0x00000007b0a00000)
 ParOldGen       total 101888K, used 22654K [0x0000000740000000, 0x0000000746380000, 0x0000000795580000)
  object space 101888K, 22% used [0x0000000740000000,0x000000074161fa28,0x0000000746380000)
 Metaspace       used 67294K, capacity 74488K, committed 74664K, reserved 1114112K
  class space    used 9464K, capacity 10862K, committed 10928K, reserved 1048576K

